# JRE version: OpenJDK Runtime Environment (8.0_242-b01) (build 1.8.0_242-release-1644-b01)
# Java VM: OpenJDK 64-Bit Server VM (25.242-b01 mixed mode windows-amd64 compressed oops)
Heap:
 PSYoungGen      total 88064K, used 61196K [0x00000000eab00000, 0x00000000f2600000, 0x0000000100000000)
  eden space 73216K, 83% used [0x00000000eab00000,0x00000000ee6c32a8,0x00000000ef280000)
  from space 14848K, 0% used [0x00000000ef280000,0x00000000ef280000,0x00000000f0100000)
  to   space 14336K, 0% used [0x00000000f1800000,0x00000000f1800000,0x00000000f2600000)
 ParOldGen       total 120320K, used 32651K [0x00000000c0000000, 0x00000000c7580000, 0x00000000eab00000)
  object space 120320K, 27% used [0x00000000c0000000,0x00000000c1fe2fb8,0x00000000c7580000)
 Metaspace       used 57820K, capacity 60360K, committed 60632K, reserved 1103872K
  class space    used 7923K, capacity 8408K, committed 8448K, reserved 1048576K
GC Heap History (10 events):
Event: 42.280 GC heap before
{Heap before GC invocations=18 (full 2):
 PSYoungGen      total 61440K, used 57969K [0x00000000eab00000, 0x00000000efe80000, 0x0000000100000000)
  eden space 51712K, 100% used [0x00000000eab00000,0x00000000edd80000,0x00000000edd80000)
  from space 9728K, 64% used [0x00000000edd80000,0x00000000ee39c620,0x00000000ee700000)
  to   space 9728K, 0% used [0x00000000ef500000,0x00000000ef500000,0x00000000efe80000)
 ParOldGen       total 90112K, used 17874K [0x00000000c0000000, 0x00000000c5800000, 0x00000000eab00000)
  object space 90112K, 19% used [0x00000000c0000000,0x00000000c1174890,0x00000000c5800000)
 Metaspace       used 45893K, capacity 48038K, committed 48344K, reserved 1091584K
  class space    used 6215K, capacity 6641K, committed 6656K, reserved 1048576K
Event: 42.308 GC heap after
Heap after GC invocations=18 (full 2):
 PSYoungGen      total 74240K, used 9713K [0x00000000eab00000, 0x00000000f0100000, 0x0000000100000000)
  eden space 64512K, 0% used [0x00000000eab00000,0x00000000eab00000,0x00000000eea00000)
  from space 9728K, 99% used [0x00000000ef500000,0x00000000efe7c410,0x00000000efe80000)
  to   space 11264K, 0% used [0x00000000eea00000,0x00000000eea00000,0x00000000ef500000)
 ParOldGen       total 90112K, used 19451K [0x00000000c0000000, 0x00000000c5800000, 0x00000000eab00000)
  object space 90112K, 21% used [0x00000000c0000000,0x00000000c12fed50,0x00000000c5800000)
 Metaspace       used 45893K, capacity 48038K, committed 48344K, reserved 1091584K
  class space    used 6215K, capacity 6641K, committed 6656K, reserved 1048576K
}
Event: 54.118 GC heap before
{Heap before GC invocations=19 (full 2):
 PSYoungGen      total 74240K, used 74225K [0x00000000eab00000, 0x00000000f0100000, 0x0000000100000000)
  eden space 64512K, 100% used [0x00000000eab00000,0x00000000eea00000,0x00000000eea00000)
  from space 9728K, 99% used [0x00000000ef500000,0x00000000efe7c410,0x00000000efe80000)
  to   space 11264K, 0% used [0x00000000eea00000,0x00000000eea00000,0x00000000ef500000)
 ParOldGen       total 90112K, used 19451K [0x00000000c0000000, 0x00000000c5800000, 0x00000000eab00000)
  object space 90112K, 21% used [0x00000000c0000000,0x00000000c12fed50,0x00000000c5800000)
 Metaspace       used 52236K, capacity 54428K, committed 54744K, reserved 1097728K
  class space    used 6967K, capacity 7360K, committed 7424K, reserved 1048576K
Event: 54.148 GC heap after
Heap after GC invocations=19 (full 2):
 PSYoungGen      total 75776K, used 10289K [0x00000000eab00000, 0x00000000f0d80000, 0x0000000100000000)
  eden space 64512K, 0% used [0x00000000eab00000,0x00000000eab00000,0x00000000eea00000)
  from space 11264K, 91% used [0x00000000eea00000,0x00000000ef40c7b0,0x00000000ef500000)
  to   space 12800K, 0% used [0x00000000f0100000,0x00000000f0100000,0x00000000f0d80000)
 ParOldGen       total 90112K, used 24361K [0x00000000c0000000, 0x00000000c5800000, 0x00000000eab00000)
  object space 90112K, 27% used [0x00000000c0000000,0x00000000c17ca4a0,0x00000000c5800000)
 Metaspace       used 52236K, capacity 54428K, committed 54744K, reserved 1097728K
  class space    used 6967K, capacity 7360K, committed 7424K, reserved 1048576K
}
Event: 57.378 GC heap before
{Heap before GC invocations=20 (full 2):
 PSYoungGen      total 75776K, used 74801K [0x00000000eab00000, 0x00000000f0d80000, 0x0000000100000000)
  eden space 64512K, 100% used [0x00000000eab00000,0x00000000eea00000,0x00000000eea00000)
  from space 11264K, 91% used [0x00000000eea00000,0x00000000ef40c7b0,0x00000000ef500000)
  to   space 12800K, 0% used [0x00000000f0100000,0x00000000f0100000,0x00000000f0d80000)
 ParOldGen       total 90112K, used 24361K [0x00000000c0000000, 0x00000000c5800000, 0x00000000eab00000)
  object space 90112K, 27% used [0x00000000c0000000,0x00000000c17ca4a0,0x00000000c5800000)
 Metaspace       used 56129K, capacity 58568K, committed 58840K, reserved 1099776K
  class space    used 7634K, capacity 8137K, committed 8192K, reserved 1048576K
Event: 57.402 GC heap after
Heap after GC invocations=20 (full 2):
 PSYoungGen      total 86016K, used 12780K [0x00000000eab00000, 0x00000000f1180000, 0x0000000100000000)
  eden space 73216K, 0% used [0x00000000eab00000,0x00000000eab00000,0x00000000ef280000)
  from space 12800K, 99% used [0x00000000f0100000,0x00000000f0d7b340,0x00000000f0d80000)
  to   space 14848K, 0% used [0x00000000ef280000,0x00000000ef280000,0x00000000f0100000)
 ParOldGen       total 90112K, used 25995K [0x00000000c0000000, 0x00000000c5800000, 0x00000000eab00000)
  object space 90112K, 28% used [0x00000000c0000000,0x00000000c1962db0,0x00000000c5800000)
 Metaspace       used 56129K, capacity 58568K, committed 58840K, reserved 1099776K
  class space    used 7634K, capacity 8137K, committed 8192K, reserved 1048576K
}
Event: 57.567 GC heap before
{Heap before GC invocations=21 (full 2):
 PSYoungGen      total 86016K, used 15568K [0x00000000eab00000, 0x00000000f1180000, 0x0000000100000000)
  eden space 73216K, 3% used [0x00000000eab00000,0x00000000eadb8f90,0x00000000ef280000)
  from space 12800K, 99% used [0x00000000f0100000,0x00000000f0d7b340,0x00000000f0d80000)
  to   space 14848K, 0% used [0x00000000ef280000,0x00000000ef280000,0x00000000f0100000)
 ParOldGen       total 90112K, used 25995K [0x00000000c0000000, 0x00000000c5800000, 0x00000000eab00000)
  object space 90112K, 28% used [0x00000000c0000000,0x00000000c1962db0,0x00000000c5800000)
 Metaspace       used 56345K, capacity 58850K, committed 58968K, reserved 1099776K
  class space    used 7667K, capacity 8206K, committed 8320K, reserved 1048576K
Event: 57.590 GC heap after
Heap after GC invocations=21 (full 2):
 PSYoungGen      total 88064K, used 4954K [0x00000000eab00000, 0x00000000f2600000, 0x0000000100000000)
  eden space 73216K, 0% used [0x00000000eab00000,0x00000000eab00000,0x00000000ef280000)
  from space 14848K, 33% used [0x00000000ef280000,0x00000000ef7569d8,0x00000000f0100000)
  to   space 14336K, 0% used [0x00000000f1800000,0x00000000f1800000,0x00000000f2600000)
 ParOldGen       total 90112K, used 32472K [0x00000000c0000000, 0x00000000c5800000, 0x00000000eab00000)
  object space 90112K, 36% used [0x00000000c0000000,0x00000000c1fb6268,0x00000000c5800000)
 Metaspace       used 56345K, capacity 58850K, committed 58968K, reserved 1099776K
  class space    used 7667K, capacity 8206K, committed 8320K, reserved 1048576K
}
Event: 57.590 GC heap before
{Heap before GC invocations=22 (full 3):
 PSYoungGen      total 88064K, used 4954K [0x00000000eab00000, 0x00000000f2600000, 0x0000000100000000)
  eden space 73216K, 0% used [0x00000000eab00000,0x00000000eab00000,0x00000000ef280000)
  from space 14848K, 33% used [0x00000000ef280000,0x00000000ef7569d8,0x00000000f0100000)
  to   space 14336K, 0% used [0x00000000f1800000,0x00000000f1800000,0x00000000f2600000)
 ParOldGen       total 90112K, used 32472K [0x00000000c0000000, 0x00000000c5800000, 0x00000000eab00000)
  object space 90112K, 36% used [0x00000000c0000000,0x00000000c1fb6268,0x00000000c5800000)
 Metaspace       used 56345K, capacity 58850K, committed 58968K, reserved 1099776K
  class space    used 7667K, capacity 8206K, committed 8320K, reserved 1048576K
Event: 58.110 GC heap after
Heap after GC invocations=22 (full 3):
 PSYoungGen      total 88064K, used 0K [0x00000000eab00000, 0x00000000f2600000, 0x0000000100000000)
  eden space 73216K, 0% used [0x00000000eab00000,0x00000000eab00000,0x00000000ef280000)
  from space 14848K, 0% used [0x00000000ef280000,0x00000000ef280000,0x00000000f0100000)
  to   space 14336K, 0% used [0x00000000f1800000,0x00000000f1800000,0x00000000f2600000)
 ParOldGen       total 120320K, used 32651K [0x00000000c0000000, 0x00000000c7580000, 0x00000000eab00000)
  object space 120320K, 27% used [0x00000000c0000000,0x00000000c1fe2fb8,0x00000000c7580000)
 Metaspace       used 56336K, capacity 58820K, committed 58968K, reserved 1099776K
  class space    used 7665K, capacity 8201K, committed 8320K, reserved 1048576K
}

