# JRE version: OpenJDK Runtime Environment (8.0_242-b01) (build 1.8.0_242-release-1644-b01)
# Java VM: OpenJDK 64-Bit Server VM (25.242-b01 mixed mode windows-amd64 compressed oops)
Heap:
 PSYoungGen      total 138240K, used 42977K [0x00000000eab00000, 0x00000000f6b00000, 0x0000000100000000)
  eden space 128000K, 33% used [0x00000000eab00000,0x00000000ed4f8550,0x00000000f2800000)
  from space 10240K, 0% used [0x00000000f2800000,0x00000000f2800000,0x00000000f3200000)
  to   space 12288K, 0% used [0x00000000f5f00000,0x00000000f5f00000,0x00000000f6b00000)
 ParOldGen       total 81920K, used 19073K [0x00000000c0000000, 0x00000000c5000000, 0x00000000eab00000)
  object space 81920K, 23% used [0x00000000c0000000,0x00000000c12a07d8,0x00000000c5000000)
 Metaspace       used 36041K, capacity 37476K, committed 37720K, reserved 1081344K
  class space    used 4909K, capacity 5225K, committed 5248K, reserved 1048576K
GC Heap History (10 events):
Event: 8.724 GC heap before
{Heap before GC invocations=7 (full 0):
 PSYoungGen      total 75264K, used 13215K [0x00000000eab00000, 0x00000000f0100000, 0x0000000100000000)
  eden space 65536K, 6% used [0x00000000eab00000,0x00000000eaf20390,0x00000000eeb00000)
  from space 9728K, 92% used [0x00000000ef580000,0x00000000efe47ac8,0x00000000eff00000)
  to   space 10752K, 0% used [0x00000000eeb00000,0x00000000eeb00000,0x00000000ef580000)
 ParOldGen       total 87552K, used 5400K [0x00000000c0000000, 0x00000000c5580000, 0x00000000eab00000)
  object space 87552K, 6% used [0x00000000c0000000,0x00000000c05463b8,0x00000000c5580000)
 Metaspace       used 20475K, capacity 21156K, committed 21248K, reserved 1067008K
  class space    used 2854K, capacity 3036K, committed 3072K, reserved 1048576K
Event: 8.736 GC heap after
Heap after GC invocations=7 (full 0):
 PSYoungGen      total 76288K, used 4420K [0x00000000eab00000, 0x00000000f4000000, 0x0000000100000000)
  eden space 65536K, 0% used [0x00000000eab00000,0x00000000eab00000,0x00000000eeb00000)
  from space 10752K, 41% used [0x00000000eeb00000,0x00000000eef51050,0x00000000ef580000)
  to   space 10752K, 0% used [0x00000000f3580000,0x00000000f3580000,0x00000000f4000000)
 ParOldGen       total 87552K, used 7773K [0x00000000c0000000, 0x00000000c5580000, 0x00000000eab00000)
  object space 87552K, 8% used [0x00000000c0000000,0x00000000c0797418,0x00000000c5580000)
 Metaspace       used 20475K, capacity 21156K, committed 21248K, reserved 1067008K
  class space    used 2854K, capacity 3036K, committed 3072K, reserved 1048576K
}
Event: 8.736 GC heap before
{Heap before GC invocations=8 (full 1):
 PSYoungGen      total 76288K, used 4420K [0x00000000eab00000, 0x00000000f4000000, 0x0000000100000000)
  eden space 65536K, 0% used [0x00000000eab00000,0x00000000eab00000,0x00000000eeb00000)
  from space 10752K, 41% used [0x00000000eeb00000,0x00000000eef51050,0x00000000ef580000)
  to   space 10752K, 0% used [0x00000000f3580000,0x00000000f3580000,0x00000000f4000000)
 ParOldGen       total 87552K, used 7773K [0x00000000c0000000, 0x00000000c5580000, 0x00000000eab00000)
  object space 87552K, 8% used [0x00000000c0000000,0x00000000c0797418,0x00000000c5580000)
 Metaspace       used 20475K, capacity 21156K, committed 21248K, reserved 1067008K
  class space    used 2854K, capacity 3036K, committed 3072K, reserved 1048576K
Event: 8.815 GC heap after
Heap after GC invocations=8 (full 1):
 PSYoungGen      total 76288K, used 0K [0x00000000eab00000, 0x00000000f4000000, 0x0000000100000000)
  eden space 65536K, 0% used [0x00000000eab00000,0x00000000eab00000,0x00000000eeb00000)
  from space 10752K, 0% used [0x00000000eeb00000,0x00000000eeb00000,0x00000000ef580000)
  to   space 10752K, 0% used [0x00000000f3580000,0x00000000f3580000,0x00000000f4000000)
 ParOldGen       total 50176K, used 7108K [0x00000000c0000000, 0x00000000c3100000, 0x00000000eab00000)
  object space 50176K, 14% used [0x00000000c0000000,0x00000000c06f1278,0x00000000c3100000)
 Metaspace       used 20475K, capacity 21156K, committed 21248K, reserved 1067008K
  class space    used 2854K, capacity 3036K, committed 3072K, reserved 1048576K
}
Event: 10.084 GC heap before
{Heap before GC invocations=9 (full 1):
 PSYoungGen      total 76288K, used 65536K [0x00000000eab00000, 0x00000000f4000000, 0x0000000100000000)
  eden space 65536K, 100% used [0x00000000eab00000,0x00000000eeb00000,0x00000000eeb00000)
  from space 10752K, 0% used [0x00000000eeb00000,0x00000000eeb00000,0x00000000ef580000)
  to   space 10752K, 0% used [0x00000000f3580000,0x00000000f3580000,0x00000000f4000000)
 ParOldGen       total 50176K, used 7108K [0x00000000c0000000, 0x00000000c3100000, 0x00000000eab00000)
  object space 50176K, 14% used [0x00000000c0000000,0x00000000c06f1278,0x00000000c3100000)
 Metaspace       used 25018K, capacity 26022K, committed 26112K, reserved 1071104K
  class space    used 3572K, capacity 3819K, committed 3840K, reserved 1048576K
Event: 10.094 GC heap after
Heap after GC invocations=9 (full 1):
 PSYoungGen      total 124416K, used 6185K [0x00000000eab00000, 0x00000000f3c00000, 0x0000000100000000)
  eden space 117760K, 0% used [0x00000000eab00000,0x00000000eab00000,0x00000000f1e00000)
  from space 6656K, 92% used [0x00000000f3580000,0x00000000f3b8a5f8,0x00000000f3c00000)
  to   space 10240K, 0% used [0x00000000f2800000,0x00000000f2800000,0x00000000f3200000)
 ParOldGen       total 50176K, used 7116K [0x00000000c0000000, 0x00000000c3100000, 0x00000000eab00000)
  object space 50176K, 14% used [0x00000000c0000000,0x00000000c06f3278,0x00000000c3100000)
 Metaspace       used 25018K, capacity 26022K, committed 26112K, reserved 1071104K
  class space    used 3572K, capacity 3819K, committed 3840K, reserved 1048576K
}
Event: 12.701 GC heap before
{Heap before GC invocations=10 (full 1):
 PSYoungGen      total 124416K, used 98126K [0x00000000eab00000, 0x00000000f3c00000, 0x0000000100000000)
  eden space 117760K, 78% used [0x00000000eab00000,0x00000000f04c94f0,0x00000000f1e00000)
  from space 6656K, 92% used [0x00000000f3580000,0x00000000f3b8a5f8,0x00000000f3c00000)
  to   space 10240K, 0% used [0x00000000f2800000,0x00000000f2800000,0x00000000f3200000)
 ParOldGen       total 50176K, used 7116K [0x00000000c0000000, 0x00000000c3100000, 0x00000000eab00000)
  object space 50176K, 14% used [0x00000000c0000000,0x00000000c06f3278,0x00000000c3100000)
 Metaspace       used 33986K, capacity 35250K, committed 35416K, reserved 1079296K
  class space    used 4583K, capacity 4880K, committed 4992K, reserved 1048576K
Event: 12.738 GC heap after
Heap after GC invocations=10 (full 1):
 PSYoungGen      total 138240K, used 10233K [0x00000000eab00000, 0x00000000f6b00000, 0x0000000100000000)
  eden space 128000K, 0% used [0x00000000eab00000,0x00000000eab00000,0x00000000f2800000)
  from space 10240K, 99% used [0x00000000f2800000,0x00000000f31fe4c0,0x00000000f3200000)
  to   space 12288K, 0% used [0x00000000f5f00000,0x00000000f5f00000,0x00000000f6b00000)
 ParOldGen       total 50176K, used 9584K [0x00000000c0000000, 0x00000000c3100000, 0x00000000eab00000)
  object space 50176K, 19% used [0x00000000c0000000,0x00000000c095c008,0x00000000c3100000)
 Metaspace       used 33986K, capacity 35250K, committed 35416K, reserved 1079296K
  class space    used 4583K, capacity 4880K, committed 4992K, reserved 1048576K
}
Event: 12.738 GC heap before
{Heap before GC invocations=11 (full 2):
 PSYoungGen      total 138240K, used 10233K [0x00000000eab00000, 0x00000000f6b00000, 0x0000000100000000)
  eden space 128000K, 0% used [0x00000000eab00000,0x00000000eab00000,0x00000000f2800000)
  from space 10240K, 99% used [0x00000000f2800000,0x00000000f31fe4c0,0x00000000f3200000)
  to   space 12288K, 0% used [0x00000000f5f00000,0x00000000f5f00000,0x00000000f6b00000)
 ParOldGen       total 50176K, used 9584K [0x00000000c0000000, 0x00000000c3100000, 0x00000000eab00000)
  object space 50176K, 19% used [0x00000000c0000000,0x00000000c095c008,0x00000000c3100000)
 Metaspace       used 33986K, capacity 35250K, committed 35416K, reserved 1079296K
  class space    used 4583K, capacity 4880K, committed 4992K, reserved 1048576K
Event: 12.923 GC heap after
Heap after GC invocations=11 (full 2):
 PSYoungGen      total 138240K, used 0K [0x00000000eab00000, 0x00000000f6b00000, 0x0000000100000000)
  eden space 128000K, 0% used [0x00000000eab00000,0x00000000eab00000,0x00000000f2800000)
  from space 10240K, 0% used [0x00000000f2800000,0x00000000f2800000,0x00000000f3200000)
  to   space 12288K, 0% used [0x00000000f5f00000,0x00000000f5f00000,0x00000000f6b00000)
 ParOldGen       total 81920K, used 19073K [0x00000000c0000000, 0x00000000c5000000, 0x00000000eab00000)
  object space 81920K, 23% used [0x00000000c0000000,0x00000000c12a07d8,0x00000000c5000000)
 Metaspace       used 33986K, capacity 35250K, committed 35416K, reserved 1079296K
  class space    used 4583K, capacity 4880K, committed 4992K, reserved 1048576K
}

